<?xml version="1.0" encoding="UTF-8"?>
<testsuite xmlns:xsi="http://www.w3.org/2001/XMLSchema-instance" xsi:noNamespaceSchemaLocation="https://maven.apache.org/surefire/maven-surefire-plugin/xsd/surefire-test-report.xsd" name="ar.com.ghirellisoft.ApplicationTests" time="0.154" tests="1" errors="1" skipped="0" failures="0">
  <properties>
    <property name="awt.toolkit" value="sun.awt.X11.XToolkit"/>
    <property name="java.specification.version" value="11"/>
    <property name="sun.cpu.isalist" value=""/>
    <property name="sun.jnu.encoding" value="UTF-8"/>
    <property name="java.class.path" value="/workspace/spring-boot-openapi/target/test-classes:/workspace/spring-boot-openapi/target/classes:/workspace/m2-repository/org/springframework/boot/spring-boot-starter-web/2.4.13/spring-boot-starter-web-2.4.13.jar:/workspace/m2-repository/org/springframework/boot/spring-boot-starter/2.4.13/spring-boot-starter-2.4.13.jar:/workspace/m2-repository/org/springframework/boot/spring-boot/2.4.13/spring-boot-2.4.13.jar:/workspace/m2-repository/org/springframework/boot/spring-boot-autoconfigure/2.4.13/spring-boot-autoconfigure-2.4.13.jar:/workspace/m2-repository/org/springframework/boot/spring-boot-starter-logging/2.4.13/spring-boot-starter-logging-2.4.13.jar:/workspace/m2-repository/ch/qos/logback/logback-classic/1.2.7/logback-classic-1.2.7.jar:/workspace/m2-repository/ch/qos/logback/logback-core/1.2.7/logback-core-1.2.7.jar:/workspace/m2-repository/org/apache/logging/log4j/log4j-to-slf4j/2.13.3/log4j-to-slf4j-2.13.3.jar:/workspace/m2-repository/org/apache/logging/log4j/log4j-api/2.13.3/log4j-api-2.13.3.jar:/workspace/m2-repository/org/slf4j/jul-to-slf4j/1.7.32/jul-to-slf4j-1.7.32.jar:/workspace/m2-repository/jakarta/annotation/jakarta.annotation-api/1.3.5/jakarta.annotation-api-1.3.5.jar:/workspace/m2-repository/org/yaml/snakeyaml/1.27/snakeyaml-1.27.jar:/workspace/m2-repository/org/springframework/boot/spring-boot-starter-json/2.4.13/spring-boot-starter-json-2.4.13.jar:/workspace/m2-repository/com/fasterxml/jackson/core/jackson-databind/2.11.4/jackson-databind-2.11.4.jar:/workspace/m2-repository/com/fasterxml/jackson/core/jackson-annotations/2.11.4/jackson-annotations-2.11.4.jar:/workspace/m2-repository/com/fasterxml/jackson/datatype/jackson-datatype-jdk8/2.11.4/jackson-datatype-jdk8-2.11.4.jar:/workspace/m2-repository/com/fasterxml/jackson/datatype/jackson-datatype-jsr310/2.11.4/jackson-datatype-jsr310-2.11.4.jar:/workspace/m2-repository/com/fasterxml/jackson/module/jackson-module-parameter-names/2.11.4/jackson-module-parameter-names-2.11.4.jar:/workspace/m2-repository/org/springframework/boot/spring-boot-starter-tomcat/2.4.13/spring-boot-starter-tomcat-2.4.13.jar:/workspace/m2-repository/org/apache/tomcat/embed/tomcat-embed-core/9.0.55/tomcat-embed-core-9.0.55.jar:/workspace/m2-repository/org/glassfish/jakarta.el/3.0.4/jakarta.el-3.0.4.jar:/workspace/m2-repository/org/apache/tomcat/embed/tomcat-embed-websocket/9.0.55/tomcat-embed-websocket-9.0.55.jar:/workspace/m2-repository/org/springframework/spring-web/5.3.13/spring-web-5.3.13.jar:/workspace/m2-repository/org/springframework/spring-beans/5.3.13/spring-beans-5.3.13.jar:/workspace/m2-repository/org/springframework/spring-webmvc/5.3.13/spring-webmvc-5.3.13.jar:/workspace/m2-repository/org/springframework/spring-context/5.3.13/spring-context-5.3.13.jar:/workspace/m2-repository/org/springframework/spring-expression/5.3.13/spring-expression-5.3.13.jar:/workspace/m2-repository/org/springframework/boot/spring-boot-starter-test/2.4.13/spring-boot-starter-test-2.4.13.jar:/workspace/m2-repository/org/springframework/boot/spring-boot-test/2.4.13/spring-boot-test-2.4.13.jar:/workspace/m2-repository/org/springframework/boot/spring-boot-test-autoconfigure/2.4.13/spring-boot-test-autoconfigure-2.4.13.jar:/workspace/m2-repository/com/jayway/jsonpath/json-path/2.4.0/json-path-2.4.0.jar:/workspace/m2-repository/net/minidev/json-smart/2.3.1/json-smart-2.3.1.jar:/workspace/m2-repository/net/minidev/accessors-smart/2.3.1/accessors-smart-2.3.1.jar:/workspace/m2-repository/org/ow2/asm/asm/5.0.4/asm-5.0.4.jar:/workspace/m2-repository/org/slf4j/slf4j-api/1.7.32/slf4j-api-1.7.32.jar:/workspace/m2-repository/jakarta/xml/bind/jakarta.xml.bind-api/2.3.3/jakarta.xml.bind-api-2.3.3.jar:/workspace/m2-repository/jakarta/activation/jakarta.activation-api/1.2.2/jakarta.activation-api-1.2.2.jar:/workspace/m2-repository/org/assertj/assertj-core/3.18.1/assertj-core-3.18.1.jar:/workspace/m2-repository/org/hamcrest/hamcrest/2.2/hamcrest-2.2.jar:/workspace/m2-repository/org/junit/jupiter/junit-jupiter/5.7.2/junit-jupiter-5.7.2.jar:/workspace/m2-repository/org/junit/jupiter/junit-jupiter-api/5.7.2/junit-jupiter-api-5.7.2.jar:/workspace/m2-repository/org/apiguardian/apiguardian-api/1.1.0/apiguardian-api-1.1.0.jar:/workspace/m2-repository/org/opentest4j/opentest4j/1.2.0/opentest4j-1.2.0.jar:/workspace/m2-repository/org/junit/platform/junit-platform-commons/1.7.2/junit-platform-commons-1.7.2.jar:/workspace/m2-repository/org/junit/jupiter/junit-jupiter-params/5.7.2/junit-jupiter-params-5.7.2.jar:/workspace/m2-repository/org/junit/jupiter/junit-jupiter-engine/5.7.2/junit-jupiter-engine-5.7.2.jar:/workspace/m2-repository/org/junit/platform/junit-platform-engine/1.7.2/junit-platform-engine-1.7.2.jar:/workspace/m2-repository/org/mockito/mockito-core/3.6.28/mockito-core-3.6.28.jar:/workspace/m2-repository/net/bytebuddy/byte-buddy/1.10.22/byte-buddy-1.10.22.jar:/workspace/m2-repository/net/bytebuddy/byte-buddy-agent/1.10.22/byte-buddy-agent-1.10.22.jar:/workspace/m2-repository/org/objenesis/objenesis/3.1/objenesis-3.1.jar:/workspace/m2-repository/org/mockito/mockito-junit-jupiter/3.6.28/mockito-junit-jupiter-3.6.28.jar:/workspace/m2-repository/org/skyscreamer/jsonassert/1.5.0/jsonassert-1.5.0.jar:/workspace/m2-repository/com/vaadin/external/google/android-json/0.0.20131108.vaadin1/android-json-0.0.20131108.vaadin1.jar:/workspace/m2-repository/org/springframework/spring-core/5.3.13/spring-core-5.3.13.jar:/workspace/m2-repository/org/springframework/spring-jcl/5.3.13/spring-jcl-5.3.13.jar:/workspace/m2-repository/org/springframework/spring-test/5.3.13/spring-test-5.3.13.jar:/workspace/m2-repository/org/xmlunit/xmlunit-core/2.7.0/xmlunit-core-2.7.0.jar:/workspace/m2-repository/org/projectlombok/lombok/1.18.22/lombok-1.18.22.jar:/workspace/m2-repository/org/springdoc/springdoc-openapi-ui/1.6.7/springdoc-openapi-ui-1.6.7.jar:/workspace/m2-repository/org/springdoc/springdoc-openapi-webmvc-core/1.6.7/springdoc-openapi-webmvc-core-1.6.7.jar:/workspace/m2-repository/org/springdoc/springdoc-openapi-common/1.6.7/springdoc-openapi-common-1.6.7.jar:/workspace/m2-repository/io/swagger/core/v3/swagger-core/2.2.0/swagger-core-2.2.0.jar:/workspace/m2-repository/org/apache/commons/commons-lang3/3.11/commons-lang3-3.11.jar:/workspace/m2-repository/com/fasterxml/jackson/dataformat/jackson-dataformat-yaml/2.11.4/jackson-dataformat-yaml-2.11.4.jar:/workspace/m2-repository/io/swagger/core/v3/swagger-annotations/2.2.0/swagger-annotations-2.2.0.jar:/workspace/m2-repository/io/swagger/core/v3/swagger-models/2.2.0/swagger-models-2.2.0.jar:/workspace/m2-repository/jakarta/validation/jakarta.validation-api/2.0.2/jakarta.validation-api-2.0.2.jar:/workspace/m2-repository/org/webjars/swagger-ui/4.10.3/swagger-ui-4.10.3.jar:/workspace/m2-repository/org/webjars/webjars-locator-core/0.46/webjars-locator-core-0.46.jar:/workspace/m2-repository/com/fasterxml/jackson/core/jackson-core/2.11.4/jackson-core-2.11.4.jar:/workspace/m2-repository/io/github/classgraph/classgraph/4.8.143/classgraph-4.8.143.jar:/workspace/m2-repository/org/springframework/boot/spring-boot-starter-aop/2.4.13/spring-boot-starter-aop-2.4.13.jar:/workspace/m2-repository/org/springframework/spring-aop/5.3.13/spring-aop-5.3.13.jar:/workspace/m2-repository/org/aspectj/aspectjweaver/1.9.7/aspectjweaver-1.9.7.jar:"/>
    <property name="java.vm.vendor" value="Azul Systems, Inc."/>
    <property name="sun.arch.data.model" value="64"/>
    <property name="java.vendor.url" value="http://www.azul.com/"/>
    <property name="user.timezone" value=""/>
    <property name="java.vm.specification.version" value="11"/>
    <property name="os.name" value="Linux"/>
    <property name="sun.java.launcher" value="SUN_STANDARD"/>
    <property name="user.country" value="US"/>
    <property name="sun.boot.library.path" value="/home/gitpod/.sdkman/candidates/java/11.0.13.fx-zulu/lib"/>
    <property name="sun.java.command" value="/workspace/spring-boot-openapi/target/surefire/surefirebooter8730959690895665954.jar /workspace/spring-boot-openapi/target/surefire 2022-05-07T00-32-47_816-jvmRun1 surefire13884951553515463379tmp surefire_011829110143630664347tmp"/>
    <property name="jdk.debug" value="release"/>
    <property name="surefire.test.class.path" value="/workspace/spring-boot-openapi/target/test-classes:/workspace/spring-boot-openapi/target/classes:/workspace/m2-repository/org/springframework/boot/spring-boot-starter-web/2.4.13/spring-boot-starter-web-2.4.13.jar:/workspace/m2-repository/org/springframework/boot/spring-boot-starter/2.4.13/spring-boot-starter-2.4.13.jar:/workspace/m2-repository/org/springframework/boot/spring-boot/2.4.13/spring-boot-2.4.13.jar:/workspace/m2-repository/org/springframework/boot/spring-boot-autoconfigure/2.4.13/spring-boot-autoconfigure-2.4.13.jar:/workspace/m2-repository/org/springframework/boot/spring-boot-starter-logging/2.4.13/spring-boot-starter-logging-2.4.13.jar:/workspace/m2-repository/ch/qos/logback/logback-classic/1.2.7/logback-classic-1.2.7.jar:/workspace/m2-repository/ch/qos/logback/logback-core/1.2.7/logback-core-1.2.7.jar:/workspace/m2-repository/org/apache/logging/log4j/log4j-to-slf4j/2.13.3/log4j-to-slf4j-2.13.3.jar:/workspace/m2-repository/org/apache/logging/log4j/log4j-api/2.13.3/log4j-api-2.13.3.jar:/workspace/m2-repository/org/slf4j/jul-to-slf4j/1.7.32/jul-to-slf4j-1.7.32.jar:/workspace/m2-repository/jakarta/annotation/jakarta.annotation-api/1.3.5/jakarta.annotation-api-1.3.5.jar:/workspace/m2-repository/org/yaml/snakeyaml/1.27/snakeyaml-1.27.jar:/workspace/m2-repository/org/springframework/boot/spring-boot-starter-json/2.4.13/spring-boot-starter-json-2.4.13.jar:/workspace/m2-repository/com/fasterxml/jackson/core/jackson-databind/2.11.4/jackson-databind-2.11.4.jar:/workspace/m2-repository/com/fasterxml/jackson/core/jackson-annotations/2.11.4/jackson-annotations-2.11.4.jar:/workspace/m2-repository/com/fasterxml/jackson/datatype/jackson-datatype-jdk8/2.11.4/jackson-datatype-jdk8-2.11.4.jar:/workspace/m2-repository/com/fasterxml/jackson/datatype/jackson-datatype-jsr310/2.11.4/jackson-datatype-jsr310-2.11.4.jar:/workspace/m2-repository/com/fasterxml/jackson/module/jackson-module-parameter-names/2.11.4/jackson-module-parameter-names-2.11.4.jar:/workspace/m2-repository/org/springframework/boot/spring-boot-starter-tomcat/2.4.13/spring-boot-starter-tomcat-2.4.13.jar:/workspace/m2-repository/org/apache/tomcat/embed/tomcat-embed-core/9.0.55/tomcat-embed-core-9.0.55.jar:/workspace/m2-repository/org/glassfish/jakarta.el/3.0.4/jakarta.el-3.0.4.jar:/workspace/m2-repository/org/apache/tomcat/embed/tomcat-embed-websocket/9.0.55/tomcat-embed-websocket-9.0.55.jar:/workspace/m2-repository/org/springframework/spring-web/5.3.13/spring-web-5.3.13.jar:/workspace/m2-repository/org/springframework/spring-beans/5.3.13/spring-beans-5.3.13.jar:/workspace/m2-repository/org/springframework/spring-webmvc/5.3.13/spring-webmvc-5.3.13.jar:/workspace/m2-repository/org/springframework/spring-context/5.3.13/spring-context-5.3.13.jar:/workspace/m2-repository/org/springframework/spring-expression/5.3.13/spring-expression-5.3.13.jar:/workspace/m2-repository/org/springframework/boot/spring-boot-starter-test/2.4.13/spring-boot-starter-test-2.4.13.jar:/workspace/m2-repository/org/springframework/boot/spring-boot-test/2.4.13/spring-boot-test-2.4.13.jar:/workspace/m2-repository/org/springframework/boot/spring-boot-test-autoconfigure/2.4.13/spring-boot-test-autoconfigure-2.4.13.jar:/workspace/m2-repository/com/jayway/jsonpath/json-path/2.4.0/json-path-2.4.0.jar:/workspace/m2-repository/net/minidev/json-smart/2.3.1/json-smart-2.3.1.jar:/workspace/m2-repository/net/minidev/accessors-smart/2.3.1/accessors-smart-2.3.1.jar:/workspace/m2-repository/org/ow2/asm/asm/5.0.4/asm-5.0.4.jar:/workspace/m2-repository/org/slf4j/slf4j-api/1.7.32/slf4j-api-1.7.32.jar:/workspace/m2-repository/jakarta/xml/bind/jakarta.xml.bind-api/2.3.3/jakarta.xml.bind-api-2.3.3.jar:/workspace/m2-repository/jakarta/activation/jakarta.activation-api/1.2.2/jakarta.activation-api-1.2.2.jar:/workspace/m2-repository/org/assertj/assertj-core/3.18.1/assertj-core-3.18.1.jar:/workspace/m2-repository/org/hamcrest/hamcrest/2.2/hamcrest-2.2.jar:/workspace/m2-repository/org/junit/jupiter/junit-jupiter/5.7.2/junit-jupiter-5.7.2.jar:/workspace/m2-repository/org/junit/jupiter/junit-jupiter-api/5.7.2/junit-jupiter-api-5.7.2.jar:/workspace/m2-repository/org/apiguardian/apiguardian-api/1.1.0/apiguardian-api-1.1.0.jar:/workspace/m2-repository/org/opentest4j/opentest4j/1.2.0/opentest4j-1.2.0.jar:/workspace/m2-repository/org/junit/platform/junit-platform-commons/1.7.2/junit-platform-commons-1.7.2.jar:/workspace/m2-repository/org/junit/jupiter/junit-jupiter-params/5.7.2/junit-jupiter-params-5.7.2.jar:/workspace/m2-repository/org/junit/jupiter/junit-jupiter-engine/5.7.2/junit-jupiter-engine-5.7.2.jar:/workspace/m2-repository/org/junit/platform/junit-platform-engine/1.7.2/junit-platform-engine-1.7.2.jar:/workspace/m2-repository/org/mockito/mockito-core/3.6.28/mockito-core-3.6.28.jar:/workspace/m2-repository/net/bytebuddy/byte-buddy/1.10.22/byte-buddy-1.10.22.jar:/workspace/m2-repository/net/bytebuddy/byte-buddy-agent/1.10.22/byte-buddy-agent-1.10.22.jar:/workspace/m2-repository/org/objenesis/objenesis/3.1/objenesis-3.1.jar:/workspace/m2-repository/org/mockito/mockito-junit-jupiter/3.6.28/mockito-junit-jupiter-3.6.28.jar:/workspace/m2-repository/org/skyscreamer/jsonassert/1.5.0/jsonassert-1.5.0.jar:/workspace/m2-repository/com/vaadin/external/google/android-json/0.0.20131108.vaadin1/android-json-0.0.20131108.vaadin1.jar:/workspace/m2-repository/org/springframework/spring-core/5.3.13/spring-core-5.3.13.jar:/workspace/m2-repository/org/springframework/spring-jcl/5.3.13/spring-jcl-5.3.13.jar:/workspace/m2-repository/org/springframework/spring-test/5.3.13/spring-test-5.3.13.jar:/workspace/m2-repository/org/xmlunit/xmlunit-core/2.7.0/xmlunit-core-2.7.0.jar:/workspace/m2-repository/org/projectlombok/lombok/1.18.22/lombok-1.18.22.jar:/workspace/m2-repository/org/springdoc/springdoc-openapi-ui/1.6.7/springdoc-openapi-ui-1.6.7.jar:/workspace/m2-repository/org/springdoc/springdoc-openapi-webmvc-core/1.6.7/springdoc-openapi-webmvc-core-1.6.7.jar:/workspace/m2-repository/org/springdoc/springdoc-openapi-common/1.6.7/springdoc-openapi-common-1.6.7.jar:/workspace/m2-repository/io/swagger/core/v3/swagger-core/2.2.0/swagger-core-2.2.0.jar:/workspace/m2-repository/org/apache/commons/commons-lang3/3.11/commons-lang3-3.11.jar:/workspace/m2-repository/com/fasterxml/jackson/dataformat/jackson-dataformat-yaml/2.11.4/jackson-dataformat-yaml-2.11.4.jar:/workspace/m2-repository/io/swagger/core/v3/swagger-annotations/2.2.0/swagger-annotations-2.2.0.jar:/workspace/m2-repository/io/swagger/core/v3/swagger-models/2.2.0/swagger-models-2.2.0.jar:/workspace/m2-repository/jakarta/validation/jakarta.validation-api/2.0.2/jakarta.validation-api-2.0.2.jar:/workspace/m2-repository/org/webjars/swagger-ui/4.10.3/swagger-ui-4.10.3.jar:/workspace/m2-repository/org/webjars/webjars-locator-core/0.46/webjars-locator-core-0.46.jar:/workspace/m2-repository/com/fasterxml/jackson/core/jackson-core/2.11.4/jackson-core-2.11.4.jar:/workspace/m2-repository/io/github/classgraph/classgraph/4.8.143/classgraph-4.8.143.jar:/workspace/m2-repository/org/springframework/boot/spring-boot-starter-aop/2.4.13/spring-boot-starter-aop-2.4.13.jar:/workspace/m2-repository/org/springframework/spring-aop/5.3.13/spring-aop-5.3.13.jar:/workspace/m2-repository/org/aspectj/aspectjweaver/1.9.7/aspectjweaver-1.9.7.jar:"/>
    <property name="sun.cpu.endian" value="little"/>
    <property name="user.home" value="/home/gitpod"/>
    <property name="user.language" value="en"/>
    <property name="java.specification.vendor" value="Oracle Corporation"/>
    <property name="java.version.date" value="2021-10-19"/>
    <property name="java.home" value="/home/gitpod/.sdkman/candidates/java/11.0.13.fx-zulu"/>
    <property name="file.separator" value="/"/>
    <property name="basedir" value="/workspace/spring-boot-openapi"/>
    <property name="java.vm.compressedOopsMode" value="Zero based"/>
    <property name="line.separator" value="&#10;"/>
    <property name="java.specification.name" value="Java Platform API Specification"/>
    <property name="java.vm.specification.vendor" value="Oracle Corporation"/>
    <property name="jdk.vendor.version" value="Zulu11.52+13-CA"/>
    <property name="java.awt.graphicsenv" value="sun.awt.X11GraphicsEnvironment"/>
    <property name="surefire.real.class.path" value="/workspace/spring-boot-openapi/target/surefire/surefirebooter8730959690895665954.jar"/>
    <property name="sun.management.compiler" value="HotSpot 64-Bit Tiered Compilers"/>
    <property name="java.runtime.version" value="11.0.13+8-LTS"/>
    <property name="user.name" value="gitpod"/>
    <property name="path.separator" value=":"/>
    <property name="os.version" value="5.16.20-051620-generic"/>
    <property name="java.runtime.name" value="OpenJDK Runtime Environment"/>
    <property name="file.encoding" value="UTF-8"/>
    <property name="java.vm.name" value="OpenJDK 64-Bit Server VM"/>
    <property name="java.vendor.version" value="Zulu11.52+13-CA"/>
    <property name="localRepository" value="/workspace/m2-repository"/>
    <property name="java.vendor.url.bug" value="http://www.azul.com/support/"/>
    <property name="java.io.tmpdir" value="/tmp"/>
    <property name="java.version" value="11.0.13"/>
    <property name="user.dir" value="/workspace/spring-boot-openapi"/>
    <property name="os.arch" value="amd64"/>
    <property name="java.vm.specification.name" value="Java Virtual Machine Specification"/>
    <property name="java.awt.printerjob" value="sun.print.PSPrinterJob"/>
    <property name="sun.os.patch.level" value="unknown"/>
    <property name="java.library.path" value="/usr/java/packages/lib:/usr/lib64:/lib64:/lib:/usr/lib"/>
    <property name="java.vm.info" value="mixed mode"/>
    <property name="java.vendor" value="Azul Systems, Inc."/>
    <property name="java.vm.version" value="11.0.13+8-LTS"/>
    <property name="sun.io.unicode.encoding" value="UnicodeLittle"/>
    <property name="java.class.version" value="55.0"/>
  </properties>
  <testcase name="ar.com.ghirellisoft.ApplicationTests" classname="ar.com.ghirellisoft.ApplicationTests" time="0.153">
    <error message="Unable to find a @SpringBootConfiguration, you need to use @ContextConfiguration or @SpringBootTest(classes=...) with your test" type="java.lang.IllegalStateException">java.lang.IllegalStateException: Unable to find a @SpringBootConfiguration, you need to use @ContextConfiguration or @SpringBootTest(classes=...) with your test
</error>
    <system-out><![CDATA[00:32:48.419 [main] DEBUG org.springframework.test.context.BootstrapUtils - Instantiating CacheAwareContextLoaderDelegate from class [org.springframework.test.context.cache.DefaultCacheAwareContextLoaderDelegate]
00:32:48.426 [main] DEBUG org.springframework.test.context.BootstrapUtils - Instantiating BootstrapContext using constructor [public org.springframework.test.context.support.DefaultBootstrapContext(java.lang.Class,org.springframework.test.context.CacheAwareContextLoaderDelegate)]
00:32:48.450 [main] DEBUG org.springframework.test.context.BootstrapUtils - Instantiating TestContextBootstrapper for test class [ar.com.ghirellisoft.ApplicationTests] from class [org.springframework.boot.test.context.SpringBootTestContextBootstrapper]
00:32:48.458 [main] INFO org.springframework.boot.test.context.SpringBootTestContextBootstrapper - Neither @ContextConfiguration nor @ContextHierarchy found for test class [ar.com.ghirellisoft.ApplicationTests], using SpringBootContextLoader
00:32:48.460 [main] DEBUG org.springframework.test.context.support.AbstractContextLoader - Did not detect default resource location for test class [ar.com.ghirellisoft.ApplicationTests]: class path resource [ar/com/ghirellisoft/ApplicationTests-context.xml] does not exist
00:32:48.461 [main] DEBUG org.springframework.test.context.support.AbstractContextLoader - Did not detect default resource location for test class [ar.com.ghirellisoft.ApplicationTests]: class path resource [ar/com/ghirellisoft/ApplicationTestsContext.groovy] does not exist
00:32:48.461 [main] INFO org.springframework.test.context.support.AbstractContextLoader - Could not detect default resource locations for test class [ar.com.ghirellisoft.ApplicationTests]: no resource found for suffixes {-context.xml, Context.groovy}.
00:32:48.461 [main] INFO org.springframework.test.context.support.AnnotationConfigContextLoaderUtils - Could not detect default configuration classes for test class [ar.com.ghirellisoft.ApplicationTests]: ApplicationTests does not declare any static, non-private, non-final, nested classes annotated with @Configuration.
00:32:48.489 [main] DEBUG org.springframework.test.context.support.ActiveProfilesUtils - Could not find an 'annotation declaring class' for annotation type [org.springframework.test.context.ActiveProfiles] and class [ar.com.ghirellisoft.ApplicationTests]
]]></system-out>
  </testcase>
</testsuite>